2023/10/30 00:17:04 main.go:105: fetching tom-cruise
2023/10/30 00:17:04 main.go:105: fetching kevin-bacon
2023/10/30 00:17:04 main.go:105: fetching tom-cruise
2023/10/30 00:17:04 main.go:105: fetching jack-reacher-never-go-back
2023/10/30 00:17:04 main.go:105: fetching mena
2023/10/30 00:17:04 main.go:105: fetching valkyrie
2023/10/30 00:17:04 main.go:105: fetching jack-reacher
2023/10/30 00:17:04 main.go:105: fetching mission-impossible-iii
2023/10/30 00:17:04 main.go:105: fetching mission-impossible-ghost-protocol
2023/10/30 00:17:04 main.go:105: fetching a-few-good-men
2023/10/30 00:17:04 main.go:105: fetching collateral
2023/10/30 00:17:04 main.go:105: fetching far-and-away
2023/10/30 00:17:04 main.go:105: fetching rain-man
2023/10/30 00:17:04 main.go:105: fetching knight-and-day
2023/10/30 00:17:04 main.go:105: fetching mission-impossible-rogue-nation
2023/10/30 00:17:04 main.go:105: fetching top-gun-2
2023/10/30 00:17:04 main.go:105: fetching edge-of-tomorrow
2023/10/30 00:17:04 main.go:105: fetching top-gun
2023/10/30 00:17:04 main.go:105: fetching risky-business
2023/10/30 00:17:04 main.go:105: fetching go-like-hell
2023/10/30 00:17:04 main.go:105: fetching interview-with-the-vampire-the-vampire-chronicles
2023/10/30 00:17:04 main.go:105: fetching endless-love-1981-english
2023/10/30 00:17:04 main.go:105: fetching tropic-thunder
2023/10/30 00:17:04 main.go:105: fetching lions-for-lambs
2023/10/30 00:17:04 main.go:105: fetching the-color-of-money
2023/10/30 00:17:04 main.go:105: fetching the-last-samurai
2023/10/30 00:17:04 main.go:105: fetching the-firm
2023/10/30 00:17:04 main.go:105: fetching days-of-thunder
2023/10/30 00:17:04 main.go:105: fetching born-on-the-fourth-of-july
2023/10/30 00:17:04 main.go:105: fetching without-limits
2023/10/30 00:17:04 main.go:105: fetching war-of-the-worlds
2023/10/30 00:17:04 main.go:105: fetching cocktail-1988-english
2023/10/30 00:17:04 main.go:105: fetching minority-report
2023/10/30 00:17:04 main.go:105: fetching vanilla-sky
2023/10/30 00:17:04 main.go:105: fetching stanley-kubrick-a-life-in-pictures
2023/10/30 00:17:04 main.go:105: fetching oblivion
2023/10/30 00:17:04 main.go:105: fetching losin-it
2023/10/30 00:17:04 main.go:105: fetching legend-1985-english
2023/10/30 00:17:04 main.go:105: fetching all-the-right-moves
2023/10/30 00:17:04 main.go:105: fetching the-outsiders
2023/10/30 00:17:04 main.go:105: fetching taps
2023/10/30 00:17:04 main.go:105: fetching mission-impossible-ii
2023/10/30 00:17:04 main.go:105: fetching space-station
2023/10/30 00:17:04 main.go:105: fetching eyes-wide-shut
2023/10/30 00:17:04 main.go:105: fetching jerry-maguire
2023/10/30 00:17:04 main.go:105: fetching austin-powers-in-goldmember
2023/10/30 00:17:04 main.go:105: fetching magnolia
2023/10/30 00:17:04 main.go:105: fetching rock-of-ages
